-------------------------------------------------------------------------------
Test set: com.example.EncryptTest
-------------------------------------------------------------------------------
Tests run: 1, Failures: 1, Errors: 0, Skipped: 0, Time elapsed: 0.011 s <<< FAILURE! - in com.example.EncryptTest
com.example.EncryptTest.testEncryptEmptyString  Time elapsed: 0.007 s  <<< FAILURE!
org.opentest4j.AssertionFailedError: expected: <a> but was: <>
	at com.example.EncryptTest.testEncryptEmptyString(EncryptTest.java:11)

