<?xml version="1.0" encoding="UTF-8"?>
<testsuite xmlns:xsi="http://www.w3.org/2001/XMLSchema-instance" xsi:noNamespaceSchemaLocation="https://maven.apache.org/surefire/maven-surefire-plugin/xsd/surefire-test-report-3.0.xsd" version="3.0" name="com.example.EncryptTest" time="0.011" tests="1" errors="0" skipped="0" failures="1">
  <properties>
[...]
</properties>
  <testcase name="testEncryptEmptyString" classname="com.example.EncryptTest" time="0.007">
    <failure type="org.opentest4j.AssertionFailedError"><![CDATA[org.opentest4j.AssertionFailedError: expected: <a> but was: <>
	at com.example.EncryptTest.testEncryptEmptyString(EncryptTest.java:11)
]]></failure>
  </testcase>
</testsuite>